0 info it worked if it ends with ok
1 verbose cli [ '/usr/bin/node', '/usr/bin/npm', 'install', '-g', 'karma-cli' ]
2 info using npm@1.4.28
3 info using node@v0.10.37
4 verbose node symlink /usr/bin/node
5 verbose cache add [ 'karma-cli', null ]
6 verbose cache add name=undefined spec="karma-cli" args=["karma-cli",null]
7 verbose parsed url { protocol: null,
7 verbose parsed url   slashes: null,
7 verbose parsed url   auth: null,
7 verbose parsed url   host: null,
7 verbose parsed url   port: null,
7 verbose parsed url   hostname: null,
7 verbose parsed url   hash: null,
7 verbose parsed url   search: null,
7 verbose parsed url   query: null,
7 verbose parsed url   pathname: 'karma-cli',
7 verbose parsed url   path: 'karma-cli',
7 verbose parsed url   href: 'karma-cli' }
8 silly lockFile aa100f68-karma-cli karma-cli
9 verbose lock karma-cli /home/pablo/.npm/aa100f68-karma-cli.lock
10 silly lockFile aa100f68-karma-cli karma-cli
11 silly lockFile aa100f68-karma-cli karma-cli
12 verbose addNamed [ 'karma-cli', '' ]
13 verbose addNamed [ null, '*' ]
14 silly lockFile 8f6f2c72-karma-cli karma-cli@
15 verbose lock karma-cli@ /home/pablo/.npm/8f6f2c72-karma-cli.lock
16 silly addNameRange { name: 'karma-cli', range: '*', hasData: false }
17 verbose request where is /karma-cli
18 verbose request registry https://registry.npmjs.org/
19 verbose request id 3262340043673d79
20 verbose url raw /karma-cli
21 verbose url resolving [ 'https://registry.npmjs.org/', './karma-cli' ]
22 verbose url resolved https://registry.npmjs.org/karma-cli
23 verbose request where is https://registry.npmjs.org/karma-cli
24 info trying registry request attempt 1 at 17:49:08
25 http GET https://registry.npmjs.org/karma-cli
26 http 200 https://registry.npmjs.org/karma-cli
27 silly registry.get cb [ 200,
27 silly registry.get   { server: 'CouchDB/1.5.0 (Erlang OTP/R16B03)',
27 silly registry.get     etag: '"C2H6UCYFAHOAA1M5P72B7L2ED"',
27 silly registry.get     'content-type': 'application/json',
27 silly registry.get     'cache-control': 'max-age=60',
27 silly registry.get     'content-length': '10952',
27 silly registry.get     'accept-ranges': 'bytes',
27 silly registry.get     date: 'Mon, 30 Nov 2015 16:49:10 GMT',
27 silly registry.get     via: '1.1 varnish',
27 silly registry.get     age: '0',
27 silly registry.get     connection: 'keep-alive',
27 silly registry.get     'x-served-by': 'cache-lhr6324-LHR',
27 silly registry.get     'x-cache': 'HIT',
27 silly registry.get     'x-cache-hits': '1',
27 silly registry.get     'x-timer': 'S1448902149.579994,VS0,VE670',
27 silly registry.get     vary: 'Accept' } ]
28 silly addNameRange number 2 { name: 'karma-cli', range: '*', hasData: true }
29 silly addNameRange versions [ 'karma-cli',
29 silly addNameRange   [ '0.0.1', '0.0.2', '0.0.3', '0.0.4', '0.1.0', '0.1.1' ] ]
30 verbose addNamed [ 'karma-cli', '0.1.1' ]
31 verbose addNamed [ '0.1.1', '0.1.1' ]
32 silly lockFile 135d1b51-karma-cli-0-1-1 karma-cli@0.1.1
33 verbose lock karma-cli@0.1.1 /home/pablo/.npm/135d1b51-karma-cli-0-1-1.lock
34 silly lockFile 9cb916ab-rg-karma-cli-karma-cli-0-1-1-tgz https://registry.npmjs.org/karma-cli/-/karma-cli-0.1.1.tgz
35 verbose lock https://registry.npmjs.org/karma-cli/-/karma-cli-0.1.1.tgz /home/pablo/.npm/9cb916ab-rg-karma-cli-karma-cli-0-1-1-tgz.lock
36 verbose addRemoteTarball [ 'https://registry.npmjs.org/karma-cli/-/karma-cli-0.1.1.tgz',
36 verbose addRemoteTarball   'd097c6e50a825007a63d0ade7cd18e1645afc294' ]
37 info retry fetch attempt 1 at 17:49:09
38 verbose fetch to= /tmp/npm-11508-H_qvLWbz/registry.npmjs.org/karma-cli/-/karma-cli-0.1.1.tgz
39 http GET https://registry.npmjs.org/karma-cli/-/karma-cli-0.1.1.tgz
40 http 200 https://registry.npmjs.org/karma-cli/-/karma-cli-0.1.1.tgz
41 silly lockFile 9cb916ab-rg-karma-cli-karma-cli-0-1-1-tgz https://registry.npmjs.org/karma-cli/-/karma-cli-0.1.1.tgz
42 silly lockFile 9cb916ab-rg-karma-cli-karma-cli-0-1-1-tgz https://registry.npmjs.org/karma-cli/-/karma-cli-0.1.1.tgz
43 silly lockFile 135d1b51-karma-cli-0-1-1 karma-cli@0.1.1
44 silly lockFile 135d1b51-karma-cli-0-1-1 karma-cli@0.1.1
45 silly lockFile 8f6f2c72-karma-cli karma-cli@
46 silly lockFile 8f6f2c72-karma-cli karma-cli@
47 silly resolved [ { name: 'karma-cli',
47 silly resolved     description: 'The Karma command line interface.',
47 silly resolved     homepage: 'http://karma-runner.github.io/',
47 silly resolved     repository:
47 silly resolved      { type: 'git',
47 silly resolved        url: 'git://github.com/karma-runner/karma-cli.git' },
47 silly resolved     bugs: { url: 'https://github.com/karma-runner/karma-cli/issues' },
47 silly resolved     keywords:
47 silly resolved      [ 'karma',
47 silly resolved        'spectacular',
47 silly resolved        'runner',
47 silly resolved        'karma',
47 silly resolved        'js',
47 silly resolved        'javascript',
47 silly resolved        'testing',
47 silly resolved        'test',
47 silly resolved        'remote',
47 silly resolved        'execution' ],
47 silly resolved     author: { name: 'Vojta Jína', email: 'vojta.jina@gmail.com' },
47 silly resolved     contributors:
47 silly resolved      [ [Object],
47 silly resolved        [Object],
47 silly resolved        [Object],
47 silly resolved        [Object],
47 silly resolved        [Object],
47 silly resolved        [Object],
47 silly resolved        [Object] ],
47 silly resolved     dependencies: { resolve: '^1.1.6' },
47 silly resolved     devDependencies:
47 silly resolved      { 'eslint-config-standard': '^4.4.0',
47 silly resolved        'eslint-plugin-standard': '^1.3.1',
47 silly resolved        grunt: '^0.4.1',
47 silly resolved        'grunt-bump': '^0.3.1',
47 silly resolved        'grunt-conventional-changelog': '^1.2.2',
47 silly resolved        'grunt-eslint': '^17.0.0',
47 silly resolved        'grunt-npm': '0.0.2',
47 silly resolved        'load-grunt-tasks': '^3.2.0' },
47 silly resolved     preferGlobal: true,
47 silly resolved     bin: { karma: './bin/karma' },
47 silly resolved     engines: { node: '0.10 || 0.12 || 4' },
47 silly resolved     version: '0.1.1',
47 silly resolved     license: 'MIT',
47 silly resolved     gitHead: '8c6e3e5c335b52cd3e97d66e12b2137f7134c1a5',
47 silly resolved     _id: 'karma-cli@0.1.1',
47 silly resolved     scripts: {},
47 silly resolved     _shasum: 'd097c6e50a825007a63d0ade7cd18e1645afc294',
47 silly resolved     _from: 'karma-cli@',
47 silly resolved     _npmVersion: '3.3.4',
47 silly resolved     _nodeVersion: '4.0.0',
47 silly resolved     _npmUser: { name: 'dignifiedquire', email: 'dignifiedquire@gmail.com' },
47 silly resolved     dist:
47 silly resolved      { shasum: 'd097c6e50a825007a63d0ade7cd18e1645afc294',
47 silly resolved        tarball: 'http://registry.npmjs.org/karma-cli/-/karma-cli-0.1.1.tgz' },
47 silly resolved     maintainers: [ [Object], [Object], [Object] ],
47 silly resolved     directories: {},
47 silly resolved     _resolved: 'https://registry.npmjs.org/karma-cli/-/karma-cli-0.1.1.tgz' } ]
48 info install karma-cli@0.1.1 into /usr/lib
49 info installOne karma-cli@0.1.1
50 verbose lib/node_modules/karma-cli unbuild
51 verbose tar unpack /home/pablo/.npm/karma-cli/0.1.1/package.tgz
52 silly lockFile 13d2b23c-r-usr-lib-node-modules-karma-cli tar:///usr/lib/node_modules/karma-cli
53 verbose lock tar:///usr/lib/node_modules/karma-cli /home/pablo/.npm/13d2b23c-r-usr-lib-node-modules-karma-cli.lock
54 silly lockFile f10cb860--npm-karma-cli-0-1-1-package-tgz tar:///home/pablo/.npm/karma-cli/0.1.1/package.tgz
55 verbose lock tar:///home/pablo/.npm/karma-cli/0.1.1/package.tgz /home/pablo/.npm/f10cb860--npm-karma-cli-0-1-1-package-tgz.lock
56 silly gunzTarPerm modes [ '775', '664' ]
57 error Error: EACCES, mkdir '/usr/lib/node_modules/karma-cli'
57 error  { [Error: EACCES, mkdir '/usr/lib/node_modules/karma-cli']
57 error   errno: 3,
57 error   code: 'EACCES',
57 error   path: '/usr/lib/node_modules/karma-cli',
57 error   fstream_type: 'Directory',
57 error   fstream_path: '/usr/lib/node_modules/karma-cli',
57 error   fstream_class: 'DirWriter',
57 error   fstream_stack:
57 error    [ '/usr/lib/node_modules/npm/node_modules/fstream/lib/dir-writer.js:36:23',
57 error      '/usr/lib/node_modules/npm/node_modules/mkdirp/index.js:46:53',
57 error      'Object.oncomplete (fs.js:108:15)' ] }
58 error Please try running this command again as root/Administrator.
59 error System Linux 3.19.0-33-generic
60 error command "/usr/bin/node" "/usr/bin/npm" "install" "-g" "karma-cli"
61 error cwd /home/pablo/Projects/angular_week8/github-user-challenge
62 error node -v v0.10.37
63 error npm -v 1.4.28
64 error path /usr/lib/node_modules/karma-cli
65 error fstream_path /usr/lib/node_modules/karma-cli
66 error fstream_type Directory
67 error fstream_class DirWriter
68 error code EACCES
69 error errno 3
70 error stack Error: EACCES, mkdir '/usr/lib/node_modules/karma-cli'
71 error fstream_stack /usr/lib/node_modules/npm/node_modules/fstream/lib/dir-writer.js:36:23
71 error fstream_stack /usr/lib/node_modules/npm/node_modules/mkdirp/index.js:46:53
71 error fstream_stack Object.oncomplete (fs.js:108:15)
72 verbose exit [ 3, true ]
